# JRE version: OpenJDK Runtime Environment (8.0_112-b06) (build 1.8.0_112-release-b06)
# Java VM: OpenJDK 64-Bit Server VM (25.112-b06 mixed mode windows-amd64 compressed oops)
Heap:
 PSYoungGen      total 359424K, used 100787K [0x00000000e0000000, 0x00000000fae80000, 0x0000000100000000)
  eden space 281600K, 25% used [0x00000000e0000000,0x00000000e472ef28,0x00000000f1300000)
  from space 77824K, 35% used [0x00000000f1300000,0x00000000f2e3df40,0x00000000f5f00000)
  to   space 75776K, 0% used [0x00000000f5f00000,0x00000000f5f00000,0x00000000fa900000)
 ParOldGen       total 151552K, used 58621K [0x00000000a0000000, 0x00000000a9400000, 0x00000000e0000000)
  object space 151552K, 38% used [0x00000000a0000000,0x00000000a393f6e0,0x00000000a9400000)
 Metaspace       used 67366K, capacity 69390K, committed 69912K, reserved 1110016K
  class space    used 8526K, capacity 8910K, committed 8984K, reserved 1048576K
GC Heap History (10 events):
Event: 1738.747 GC heap before
{Heap before GC invocations=24 (full 4):
 PSYoungGen      total 357376K, used 47400K [0x00000000e0000000, 0x00000000fae80000, 0x0000000100000000)
  eden space 281600K, 0% used [0x00000000e0000000,0x00000000e0000000,0x00000000f1300000)
  from space 75776K, 62% used [0x00000000f5f00000,0x00000000f8d4a050,0x00000000fa900000)
  to   space 77824K, 0% used [0x00000000f1300000,0x00000000f1300000,0x00000000f5f00000)
 ParOldGen       total 151552K, used 129119K [0x00000000a0000000, 0x00000000a9400000, 0x00000000e0000000)
  object space 151552K, 85% used [0x00000000a0000000,0x00000000a7e17fc8,0x00000000a9400000)
 Metaspace       used 66386K, capacity 68338K, committed 69144K, reserved 1110016K
  class space    used 8438K, capacity 8796K, committed 8984K, reserved 1048576K
Event: 1739.196 GC heap after
Heap after GC invocations=24 (full 4):
 PSYoungGen      total 357376K, used 0K [0x00000000e0000000, 0x00000000fae80000, 0x0000000100000000)
  eden space 281600K, 0% used [0x00000000e0000000,0x00000000e0000000,0x00000000f1300000)
  from space 75776K, 0% used [0x00000000f5f00000,0x00000000f5f00000,0x00000000fa900000)
  to   space 77824K, 0% used [0x00000000f1300000,0x00000000f1300000,0x00000000f5f00000)
 ParOldGen       total 151552K, used 110404K [0x00000000a0000000, 0x00000000a9400000, 0x00000000e0000000)
  object space 151552K, 72% used [0x00000000a0000000,0x00000000a6bd1368,0x00000000a9400000)
 Metaspace       used 66375K, capacity 68304K, committed 69144K, reserved 1110016K
  class space    used 8435K, capacity 8789K, committed 8984K, reserved 1048576K
}
Event: 1740.609 GC heap before
{Heap before GC invocations=25 (full 4):
 PSYoungGen      total 357376K, used 279265K [0x00000000e0000000, 0x00000000fae80000, 0x0000000100000000)
  eden space 281600K, 99% used [0x00000000e0000000,0x00000000f10b85e8,0x00000000f1300000)
  from space 75776K, 0% used [0x00000000f5f00000,0x00000000f5f00000,0x00000000fa900000)
  to   space 77824K, 0% used [0x00000000f1300000,0x00000000f1300000,0x00000000f5f00000)
 ParOldGen       total 151552K, used 110404K [0x00000000a0000000, 0x00000000a9400000, 0x00000000e0000000)
  object space 151552K, 72% used [0x00000000a0000000,0x00000000a6bd1368,0x00000000a9400000)
 Metaspace       used 66962K, capacity 68958K, committed 69656K, reserved 1110016K
  class space    used 8488K, capacity 8856K, committed 8984K, reserved 1048576K
Event: 1740.642 GC heap after
Heap after GC invocations=25 (full 4):
 PSYoungGen      total 359424K, used 27459K [0x00000000e0000000, 0x00000000fae80000, 0x0000000100000000)
  eden space 281600K, 0% used [0x00000000e0000000,0x00000000e0000000,0x00000000f1300000)
  from space 77824K, 35% used [0x00000000f1300000,0x00000000f2dd0eb8,0x00000000f5f00000)
  to   space 75776K, 0% used [0x00000000f5f00000,0x00000000f5f00000,0x00000000fa900000)
 ParOldGen       total 151552K, used 110412K [0x00000000a0000000, 0x00000000a9400000, 0x00000000e0000000)
  object space 151552K, 72% used [0x00000000a0000000,0x00000000a6bd3368,0x00000000a9400000)
 Metaspace       used 66962K, capacity 68958K, committed 69656K, reserved 1110016K
  class space    used 8488K, capacity 8856K, committed 8984K, reserved 1048576K
}
Event: 1741.545 GC heap before
{Heap before GC invocations=26 (full 4):
 PSYoungGen      total 359424K, used 309059K [0x00000000e0000000, 0x00000000fae80000, 0x0000000100000000)
  eden space 281600K, 100% used [0x00000000e0000000,0x00000000f1300000,0x00000000f1300000)
  from space 77824K, 35% used [0x00000000f1300000,0x00000000f2dd0eb8,0x00000000f5f00000)
  to   space 75776K, 0% used [0x00000000f5f00000,0x00000000f5f00000,0x00000000fa900000)
 ParOldGen       total 151552K, used 110412K [0x00000000a0000000, 0x00000000a9400000, 0x00000000e0000000)
  object space 151552K, 72% used [0x00000000a0000000,0x00000000a6bd3368,0x00000000a9400000)
 Metaspace       used 67333K, capacity 69390K, committed 69912K, reserved 1110016K
  class space    used 8526K, capacity 8910K, committed 8984K, reserved 1048576K
Event: 1741.566 GC heap after
Heap after GC invocations=26 (full 4):
 PSYoungGen      total 357376K, used 4959K [0x00000000e0000000, 0x00000000fae80000, 0x0000000100000000)
  eden space 281600K, 0% used [0x00000000e0000000,0x00000000e0000000,0x00000000f1300000)
  from space 75776K, 6% used [0x00000000f5f00000,0x00000000f63d7dd0,0x00000000fa900000)
  to   space 77824K, 0% used [0x00000000f1300000,0x00000000f1300000,0x00000000f5f00000)
 ParOldGen       total 151552K, used 132122K [0x00000000a0000000, 0x00000000a9400000, 0x00000000e0000000)
  object space 151552K, 87% used [0x00000000a0000000,0x00000000a81069a8,0x00000000a9400000)
 Metaspace       used 67333K, capacity 69390K, committed 69912K, reserved 1110016K
  class space    used 8526K, capacity 8910K, committed 8984K, reserved 1048576K
}
Event: 1741.566 GC heap before
{Heap before GC invocations=27 (full 5):
 PSYoungGen      total 357376K, used 4959K [0x00000000e0000000, 0x00000000fae80000, 0x0000000100000000)
  eden space 281600K, 0% used [0x00000000e0000000,0x00000000e0000000,0x00000000f1300000)
  from space 75776K, 6% used [0x00000000f5f00000,0x00000000f63d7dd0,0x00000000fa900000)
  to   space 77824K, 0% used [0x00000000f1300000,0x00000000f1300000,0x00000000f5f00000)
 ParOldGen       total 151552K, used 132122K [0x00000000a0000000, 0x00000000a9400000, 0x00000000e0000000)
  object space 151552K, 87% used [0x00000000a0000000,0x00000000a81069a8,0x00000000a9400000)
 Metaspace       used 67333K, capacity 69390K, committed 69912K, reserved 1110016K
  class space    used 8526K, capacity 8910K, committed 8984K, reserved 1048576K
Event: 1741.748 GC heap after
Heap after GC invocations=27 (full 5):
 PSYoungGen      total 357376K, used 0K [0x00000000e0000000, 0x00000000fae80000, 0x0000000100000000)
  eden space 281600K, 0% used [0x00000000e0000000,0x00000000e0000000,0x00000000f1300000)
  from space 75776K, 0% used [0x00000000f5f00000,0x00000000f5f00000,0x00000000fa900000)
  to   space 77824K, 0% used [0x00000000f1300000,0x00000000f1300000,0x00000000f5f00000)
 ParOldGen       total 151552K, used 58613K [0x00000000a0000000, 0x00000000a9400000, 0x00000000e0000000)
  object space 151552K, 38% used [0x00000000a0000000,0x00000000a393d6e0,0x00000000a9400000)
 Metaspace       used 67333K, capacity 69390K, committed 69912K, reserved 1110016K
  class space    used 8526K, capacity 8910K, committed 8984K, reserved 1048576K
}
Event: 1742.130 GC heap before
{Heap before GC invocations=28 (full 5):
 PSYoungGen      total 357376K, used 281600K [0x00000000e0000000, 0x00000000fae80000, 0x0000000100000000)
  eden space 281600K, 100% used [0x00000000e0000000,0x00000000f1300000,0x00000000f1300000)
  from space 75776K, 0% used [0x00000000f5f00000,0x00000000f5f00000,0x00000000fa900000)
  to   space 77824K, 0% used [0x00000000f1300000,0x00000000f1300000,0x00000000f5f00000)
 ParOldGen       total 151552K, used 58613K [0x00000000a0000000, 0x00000000a9400000, 0x00000000e0000000)
  object space 151552K, 38% used [0x00000000a0000000,0x00000000a393d6e0,0x00000000a9400000)
 Metaspace       used 67364K, capacity 69390K, committed 69912K, reserved 1110016K
  class space    used 8526K, capacity 8910K, committed 8984K, reserved 1048576K
Event: 1742.153 GC heap after
Heap after GC invocations=28 (full 5):
 PSYoungGen      total 359424K, used 27895K [0x00000000e0000000, 0x00000000fae80000, 0x0000000100000000)
  eden space 281600K, 0% used [0x00000000e0000000,0x00000000e0000000,0x00000000f1300000)
  from space 77824K, 35% used [0x00000000f1300000,0x00000000f2e3df40,0x00000000f5f00000)
  to   space 75776K, 0% used [0x00000000f5f00000,0x00000000f5f00000,0x00000000fa900000)
 ParOldGen       total 151552K, used 58621K [0x00000000a0000000, 0x00000000a9400000, 0x00000000e0000000)
  object space 151552K, 38% used [0x00000000a0000000,0x00000000a393f6e0,0x00000000a9400000)
 Metaspace       used 67364K, capacity 69390K, committed 69912K, reserved 1110016K
  class space    used 8526K, capacity 8910K, committed 8984K, reserved 1048576K
}

